<?xml version="1.0" encoding="UTF-8"?>
<testsuite name="com.example.task01.Tests" tests="3" skipped="0" failures="0" errors="0" timestamp="2022-12-01T08:56:41" hostname="by-Onyx" time="0.236">
  <properties/>
  <testcase name="testExample" classname="com.example.task01.Tests" time="0.228"/>
  <testcase name="testNPE" classname="com.example.task01.Tests" time="0.006"/>
  <testcase name="testNull" classname="com.example.task01.Tests" time="0.002"/>
  <system-out><![CDATA[]]></system-out>
  <system-err><![CDATA[]]></system-err>
</testsuite>
