<?xml version="1.0" encoding="UTF-8"?>
<testsuite name="com.example.task01.Tests" tests="1" skipped="0" failures="0" errors="0" timestamp="2022-04-19T20:05:46" hostname="DESKTOP-L5C63Q4" time="0.092">
  <properties/>
  <testcase name="testNPE" classname="com.example.task01.Tests" time="0.092"/>
  <system-out><![CDATA[]]></system-out>
  <system-err><![CDATA[]]></system-err>
</testsuite>
