<?xml version="1.0" encoding="UTF-8"?>
<testsuite name="com.example.task01.Tests" tests="3" skipped="0" failures="0" errors="0" timestamp="2023-03-26T21:32:23" hostname="MacBook-Air-Ila.local" time="0.146">
  <properties/>
  <testcase name="testExample" classname="com.example.task01.Tests" time="0.139"/>
  <testcase name="testNPE" classname="com.example.task01.Tests" time="0.005"/>
  <testcase name="testNull" classname="com.example.task01.Tests" time="0.002"/>
  <system-out><![CDATA[]]></system-out>
  <system-err><![CDATA[]]></system-err>
</testsuite>
