<?xml version="1.0" encoding="UTF-8"?>
<testsuite name="com.example.task01.Tests" tests="3" skipped="0" failures="0" errors="0" timestamp="2022-12-18T17:42:51" hostname="Админ-ПК" time="0.467">
  <properties/>
  <testcase name="testExample" classname="com.example.task01.Tests" time="0.443"/>
  <testcase name="testNPE" classname="com.example.task01.Tests" time="0.02"/>
  <testcase name="testNull" classname="com.example.task01.Tests" time="0.003"/>
  <system-out><![CDATA[]]></system-out>
  <system-err><![CDATA[]]></system-err>
</testsuite>
