<?xml version="1.0" encoding="UTF-8"?>
<testsuite name="com.example.task01.Tests" tests="3" skipped="0" failures="0" errors="0" timestamp="2023-04-16T05:36:22" hostname="polsssha-PC" time="0.258">
  <properties/>
  <testcase name="testExample" classname="com.example.task01.Tests" time="0.253"/>
  <testcase name="testNPE" classname="com.example.task01.Tests" time="0.004"/>
  <testcase name="testNull" classname="com.example.task01.Tests" time="0.001"/>
  <system-out><![CDATA[]]></system-out>
  <system-err><![CDATA[]]></system-err>
</testsuite>
