<?xml version="1.0" encoding="UTF-8"?>
<testsuite name="com.example.task01.Tests" tests="3" skipped="0" failures="0" errors="0" timestamp="2020-05-06T11:01:12" hostname="LAPTOP-TKPCN0IG" time="0.457">
  <properties/>
  <testcase name="testExample" classname="com.example.task01.Tests" time="0.446"/>
  <testcase name="testNPE" classname="com.example.task01.Tests" time="0.008"/>
  <testcase name="testNull" classname="com.example.task01.Tests" time="0.003"/>
  <system-out><![CDATA[]]></system-out>
  <system-err><![CDATA[]]></system-err>
</testsuite>
