<?xml version="1.0" encoding="UTF-8"?>
<testsuite name="com.example.task01.Tests" tests="3" skipped="0" failures="0" errors="0" timestamp="2022-12-04T10:22:36" hostname="DESKTOP-LTITGJO" time="0.272">
  <properties/>
  <testcase name="testExample" classname="com.example.task01.Tests" time="0.262"/>
  <testcase name="testNPE" classname="com.example.task01.Tests" time="0.007"/>
  <testcase name="testNull" classname="com.example.task01.Tests" time="0.002"/>
  <system-out><![CDATA[]]></system-out>
  <system-err><![CDATA[]]></system-err>
</testsuite>
