<?xml version="1.0" encoding="UTF-8"?>
<testsuite name="com.example.task01.Tests" tests="3" skipped="0" failures="0" errors="0" timestamp="2021-04-20T07:45:04" hostname="DESKTOP-46OCKER" time="0.212">
  <properties/>
  <testcase name="testExample" classname="com.example.task01.Tests" time="0.203"/>
  <testcase name="testNPE" classname="com.example.task01.Tests" time="0.006"/>
  <testcase name="testNull" classname="com.example.task01.Tests" time="0.003"/>
  <system-out><![CDATA[]]></system-out>
  <system-err><![CDATA[]]></system-err>
</testsuite>
