<?xml version="1.0" encoding="UTF-8"?>
<testsuite name="com.example.task02.Tests" tests="6" skipped="0" failures="0" errors="0" timestamp="2022-12-18T18:31:09" hostname="Админ-ПК" time="0.664">
  <properties/>
  <testcase name="testExample1" classname="com.example.task02.Tests" time="0.45"/>
  <testcase name="testExample2" classname="com.example.task02.Tests" time="0.0"/>
  <testcase name="test10" classname="com.example.task02.Tests" time="0.002"/>
  <testcase name="test12" classname="com.example.task02.Tests" time="0.178"/>
  <testcase name="test16" classname="com.example.task02.Tests" time="0.01"/>
  <testcase name="testBounds" classname="com.example.task02.Tests" time="0.02"/>
  <system-out><![CDATA[]]></system-out>
  <system-err><![CDATA[]]></system-err>
</testsuite>
