<?xml version="1.0" encoding="UTF-8"?>
<testsuite name="com.example.task02.Tests" tests="6" skipped="0" failures="0" errors="0" timestamp="2022-04-19T20:20:29" hostname="DESKTOP-L5C63Q4" time="0.268">
  <properties/>
  <testcase name="testExample1" classname="com.example.task02.Tests" time="0.116"/>
  <testcase name="testExample2" classname="com.example.task02.Tests" time="0.001"/>
  <testcase name="test10" classname="com.example.task02.Tests" time="0.004"/>
  <testcase name="test12" classname="com.example.task02.Tests" time="0.134"/>
  <testcase name="test16" classname="com.example.task02.Tests" time="0.009"/>
  <testcase name="testBounds" classname="com.example.task02.Tests" time="0.004"/>
  <system-out><![CDATA[]]></system-out>
  <system-err><![CDATA[]]></system-err>
</testsuite>
