<?xml version="1.0" encoding="UTF-8"?>
<testsuite name="com.example.task02.Tests" tests="6" skipped="0" failures="0" errors="0" timestamp="2022-11-29T07:15:36" hostname="GoshaNote" time="0.252">
  <properties/>
  <testcase name="testExample1" classname="com.example.task02.Tests" time="0.097"/>
  <testcase name="testExample2" classname="com.example.task02.Tests" time="0.0"/>
  <testcase name="test10" classname="com.example.task02.Tests" time="0.009"/>
  <testcase name="test12" classname="com.example.task02.Tests" time="0.13"/>
  <testcase name="test16" classname="com.example.task02.Tests" time="0.009"/>
  <testcase name="testBounds" classname="com.example.task02.Tests" time="0.004"/>
  <system-out><![CDATA[]]></system-out>
  <system-err><![CDATA[]]></system-err>
</testsuite>
