<?xml version="1.0" encoding="UTF-8"?>
<testsuite name="com.example.task02.Tests" tests="6" skipped="0" failures="0" errors="0" timestamp="2022-12-05T05:33:02" hostname="DESKTOP-CHHPD95" time="0.146">
  <properties/>
  <testcase name="testExample1" classname="com.example.task02.Tests" time="0.058"/>
  <testcase name="testExample2" classname="com.example.task02.Tests" time="0.0"/>
  <testcase name="test10" classname="com.example.task02.Tests" time="0.001"/>
  <testcase name="test12" classname="com.example.task02.Tests" time="0.079"/>
  <testcase name="test16" classname="com.example.task02.Tests" time="0.005"/>
  <testcase name="testBounds" classname="com.example.task02.Tests" time="0.002"/>
  <system-out><![CDATA[]]></system-out>
  <system-err><![CDATA[]]></system-err>
</testsuite>
