<?xml version="1.0" encoding="UTF-8"?>
<testsuite name="com.example.task02.Tests" tests="6" skipped="0" failures="0" errors="0" timestamp="2022-12-04T12:20:30" hostname="DESKTOP-LTITGJO" time="0.276">
  <properties/>
  <testcase name="testExample1" classname="com.example.task02.Tests" time="0.11"/>
  <testcase name="testExample2" classname="com.example.task02.Tests" time="0.001"/>
  <testcase name="test10" classname="com.example.task02.Tests" time="0.005"/>
  <testcase name="test12" classname="com.example.task02.Tests" time="0.144"/>
  <testcase name="test16" classname="com.example.task02.Tests" time="0.011"/>
  <testcase name="testBounds" classname="com.example.task02.Tests" time="0.005"/>
  <system-out><![CDATA[]]></system-out>
  <system-err><![CDATA[]]></system-err>
</testsuite>
