<?xml version="1.0" encoding="UTF-8"?>
<testsuite name="com.example.task02.Tests" tests="6" skipped="0" failures="0" errors="0" timestamp="2023-03-26T21:36:43" hostname="MacBook-Air-Ila.local" time="0.446">
  <properties/>
  <testcase name="testExample1" classname="com.example.task02.Tests" time="0.056"/>
  <testcase name="testExample2" classname="com.example.task02.Tests" time="0.0"/>
  <testcase name="test10" classname="com.example.task02.Tests" time="0.004"/>
  <testcase name="test12" classname="com.example.task02.Tests" time="0.357"/>
  <testcase name="test16" classname="com.example.task02.Tests" time="0.024"/>
  <testcase name="testBounds" classname="com.example.task02.Tests" time="0.003"/>
  <system-out><![CDATA[]]></system-out>
  <system-err><![CDATA[]]></system-err>
</testsuite>
