<?xml version="1.0" encoding="UTF-8"?>
<testsuite name="com.example.task05.Tests" tests="1" skipped="0" failures="0" errors="0" timestamp="2022-12-05T05:33:23" hostname="DESKTOP-CHHPD95" time="0.004">
  <properties/>
  <testcase name="testExample1" classname="com.example.task05.Tests" time="0.004"/>
  <system-out><![CDATA[]]></system-out>
  <system-err><![CDATA[]]></system-err>
</testsuite>
