<?xml version="1.0" encoding="UTF-8"?>
<testsuite name="com.example.task05.Tests" tests="1" skipped="0" failures="0" errors="0" timestamp="2020-05-06T12:05:05" hostname="LAPTOP-TKPCN0IG" time="0.027">
  <properties/>
  <testcase name="testExample1" classname="com.example.task05.Tests" time="0.027"/>
  <system-out><![CDATA[]]></system-out>
  <system-err><![CDATA[]]></system-err>
</testsuite>
