<?xml version="1.0" encoding="UTF-8"?>
<testsuite name="com.example.task05.Tests" tests="1" skipped="0" failures="0" errors="0" timestamp="2022-12-04T14:43:54" hostname="DESKTOP-LTITGJO" time="0.011">
  <properties/>
  <testcase name="testExample1" classname="com.example.task05.Tests" time="0.011"/>
  <system-out><![CDATA[]]></system-out>
  <system-err><![CDATA[]]></system-err>
</testsuite>
