<?xml version="1.0" encoding="UTF-8"?>
<testsuite name="com.example.task05.Tests" tests="1" skipped="0" failures="0" errors="0" timestamp="2023-03-26T21:47:09" hostname="MacBook-Air-Ila.local" time="0.008">
  <properties/>
  <testcase name="testExample1" classname="com.example.task05.Tests" time="0.008"/>
  <system-out><![CDATA[]]></system-out>
  <system-err><![CDATA[]]></system-err>
</testsuite>
