<?xml version="1.0" encoding="UTF-8"?>
<testsuite name="com.example.task04.Tests" tests="4" skipped="0" failures="0" errors="0" timestamp="2022-12-04T17:55:33" hostname="by-Onyx" time="0.076">
  <properties/>
  <testcase name="testExample1" classname="com.example.task04.Tests" time="0.071"/>
  <testcase name="testExample2" classname="com.example.task04.Tests" time="0.0"/>
  <testcase name="testEmpty" classname="com.example.task04.Tests" time="0.0"/>
  <testcase name="testMarshak" classname="com.example.task04.Tests" time="0.004"/>
  <system-out><![CDATA[]]></system-out>
  <system-err><![CDATA[]]></system-err>
</testsuite>
