<?xml version="1.0" encoding="UTF-8"?>
<testsuite name="com.example.task04.Tests" tests="4" skipped="0" failures="0" errors="0" timestamp="2020-05-07T06:44:01" hostname="LAPTOP-TKPCN0IG" time="0.179">
  <properties/>
  <testcase name="testExample1" classname="com.example.task04.Tests" time="0.167"/>
  <testcase name="testExample2" classname="com.example.task04.Tests" time="0.002"/>
  <testcase name="testEmpty" classname="com.example.task04.Tests" time="0.001"/>
  <testcase name="testMarshak" classname="com.example.task04.Tests" time="0.009"/>
  <system-out><![CDATA[]]></system-out>
  <system-err><![CDATA[]]></system-err>
</testsuite>
