<?xml version="1.0" encoding="UTF-8"?>
<testsuite name="com.example.task03.Tests" tests="6" skipped="0" failures="0" errors="0" timestamp="2022-12-05T05:33:07" hostname="DESKTOP-CHHPD95" time="4.114">
  <properties/>
  <testcase name="testExample" classname="com.example.task03.Tests" time="0.522"/>
  <testcase name="testBig" classname="com.example.task03.Tests" time="3.57"/>
  <testcase name="testNPE" classname="com.example.task03.Tests" time="0.02"/>
  <testcase name="testEmpty" classname="com.example.task03.Tests" time="0.0"/>
  <testcase name="testNull" classname="com.example.task03.Tests" time="0.001"/>
  <testcase name="testString" classname="com.example.task03.Tests" time="0.001"/>
  <system-out><![CDATA[]]></system-out>
  <system-err><![CDATA[]]></system-err>
</testsuite>
