<?xml version="1.0" encoding="UTF-8"?>
<testsuite name="com.example.task03.Tests" tests="6" skipped="0" failures="0" errors="0" timestamp="2023-03-26T21:38:56" hostname="MacBook-Air-Ila.local" time="5.545">
  <properties/>
  <testcase name="testExample" classname="com.example.task03.Tests" time="1.201"/>
  <testcase name="testBig" classname="com.example.task03.Tests" time="4.31"/>
  <testcase name="testNPE" classname="com.example.task03.Tests" time="0.024"/>
  <testcase name="testEmpty" classname="com.example.task03.Tests" time="0.001"/>
  <testcase name="testNull" classname="com.example.task03.Tests" time="0.002"/>
  <testcase name="testString" classname="com.example.task03.Tests" time="0.002"/>
  <system-out><![CDATA[]]></system-out>
  <system-err><![CDATA[]]></system-err>
</testsuite>
